This is pdfTeX, Version 3.14159265-2.6-1.40.16 (TeX Live 2015) (preloaded format=latex 2015.10.8)  30 JAN 2016 15:19
entering extended mode
 restricted \write18 enabled.
 %&-line parsing enabled.
**submit
(./submit.tex
LaTeX2e <2015/10/01> patch level 1
Babel <3.9m> and hyphenation patterns for 79 languages loaded.
(/usr/local/texlive/2015/texmf-dist/tex/latex/apa/apa.cls
Document Class: apa 2008/12/09 American Psychological Association format v1.3.4


Class apa Warning: Using BibTeX with apacite for citations and references.

(/usr/local/texlive/2015/texmf-dist/tex/latex/base/article.cls
Document Class: article 2014/09/29 v1.4h Standard LaTeX document class
(/usr/local/texlive/2015/texmf-dist/tex/latex/base/size11.clo
File: size11.clo 2014/09/29 v1.4h Standard LaTeX file (size option)
)
\c@part=\count79
\c@section=\count80
\c@subsection=\count81
\c@subsubsection=\count82
\c@paragraph=\count83
\c@subparagraph=\count84
\c@figure=\count85
\c@table=\count86
\abovecaptionskip=\skip41
\belowcaptionskip=\skip42
\bibindent=\dimen102
)
(/usr/local/texlive/2015/texmf-dist/tex/latex/apacite/apacite.sty
Package: apacite 2013/07/21 v6.03 APA citation
\c@BibCnt=\count87
\bibleftmargin=\skip43
\bibindent=\skip44
\bibparsep=\skip45
\bibitemsep=\skip46
\biblabelsep=\skip47
)
\b@level@one@skip=\skip48
\e@level@one@skip=\skip49
\b@level@two@skip=\skip50
\e@level@two@skip=\skip51
\b@level@three@skip=\skip52
\e@level@three@skip=\skip53
\b@level@four@skip=\skip54
\e@level@four@skip=\skip55
\b@level@five@skip=\skip56
\e@level@five@skip=\skip57
\c@APAenum=\count88
\@text@par@indent=\skip58
\gr@box=\box26
\gr@boxwidth=\skip59
\gr@boxheight=\skip60

(/usr/local/texlive/2015/texmf-dist/tex/latex/tools/bm.sty
Package: bm 2014/10/28 v1.1c Bold Symbol Support (DPC/FMi)
\symboldoperators=\mathgroup4
\symboldletters=\mathgroup5
\symboldsymbols=\mathgroup6
LaTeX Font Info:    Redeclaring math alphabet \mathbf on input line 141.
LaTeX Info: Redefining \bm on input line 207.
)
\c@appendix=\count89

(/usr/local/texlive/2015/texmf-dist/tex/latex/endnotes/endnotes.sty
\c@endnote=\count90
\endnotesep=\dimen103
\@enotes=\write3
)
(/usr/local/texlive/2015/texmf-dist/tex/latex/endfloat/endfloat.sty
Package: endfloat 2011/12/25 v2.5d LaTeX2e package puts figures and tables at e
nd (jdm)

(/usr/local/texlive/2015/texmf-dist/tex/latex/graphics/keyval.sty
Package: keyval 2014/10/28 v1.15 key=value parser (DPC)
\KV@toks@=\toks14
)
\c@posttable=\count91
\efloat@postttt=\write4
\@ef@tttopen=\count92
\c@postfigure=\count93
\efloat@postfff=\write5
\@ef@fffopen=\count94
)
\openout5 = `submit.fff'.


(submit.fff)
\openout4 = `submit.ttt'.

 (submit.ttt))
(/usr/local/texlive/2015/texmf-dist/tex/latex/psnfss/times.sty
Package: times 2005/04/12 PSNFSS-v9.2a (SPQR) 
)
(/usr/local/texlive/2015/texmf-dist/tex/latex/graphics/graphics.sty
Package: graphics 2014/10/28 v1.0p Standard LaTeX Graphics (DPC,SPQR)

(/usr/local/texlive/2015/texmf-dist/tex/latex/graphics/trig.sty
Package: trig 1999/03/16 v1.09 sin cos tan (DPC)
)
(/usr/local/texlive/2015/texmf-dist/tex/latex/latexconfig/graphics.cfg
File: graphics.cfg 2010/04/23 v1.9 graphics configuration of TeX Live
)
Package graphics Info: Driver file: dvips.def on input line 94.

(/usr/local/texlive/2015/texmf-dist/tex/latex/graphics/dvips.def
File: dvips.def 2014/10/14 v3.0j Driver-dependent file (DPC,SPQR)
))
(/usr/local/texlive/2015/texmf-dist/tex/latex/graphics/graphicx.sty
Package: graphicx 2014/10/28 v1.0g Enhanced LaTeX Graphics (DPC,SPQR)
\Gin@req@height=\dimen104
\Gin@req@width=\dimen105
)
(/usr/local/texlive/2015/texmf-dist/tex/latex/graphics/color.sty
Package: color 2014/10/28 v1.1a Standard LaTeX Color (DPC)

(/usr/local/texlive/2015/texmf-dist/tex/latex/latexconfig/color.cfg
File: color.cfg 2007/01/18 v1.5 color configuration of teTeX/TeXLive
)
Package color Info: Driver file: dvips.def on input line 142.

(/usr/local/texlive/2015/texmf-dist/tex/latex/graphics/dvipsnam.def
File: dvipsnam.def 2014/10/14 v3.0j Driver-dependent file (DPC,SPQR)
))
(/usr/local/texlive/2015/texmf-dist/tex/latex/fix2col/fix2col.sty
Package: fix2col 1998/08/17 v0.03 Output Routine fixes for two column mode (DPC
,FMi)
)
(./submit.aux)
\openout1 = `submit.aux'.

LaTeX Font Info:    Checking defaults for OML/cmm/m/it on input line 60.
LaTeX Font Info:    ... okay on input line 60.
LaTeX Font Info:    Checking defaults for T1/cmr/m/n on input line 60.
LaTeX Font Info:    ... okay on input line 60.
LaTeX Font Info:    Checking defaults for OT1/cmr/m/n on input line 60.
LaTeX Font Info:    ... okay on input line 60.
LaTeX Font Info:    Checking defaults for OMS/cmsy/m/n on input line 60.
LaTeX Font Info:    ... okay on input line 60.
LaTeX Font Info:    Checking defaults for OMX/cmex/m/n on input line 60.
LaTeX Font Info:    ... okay on input line 60.
LaTeX Font Info:    Checking defaults for U/cmr/m/n on input line 60.
LaTeX Font Info:    ... okay on input line 60.
LaTeX Font Info:    Try loading font information for OT1+ptm on input line 60.
 (/usr/local/texlive/2015/texmf-dist/tex/latex/psnfss/ot1ptm.fd
File: ot1ptm.fd 2001/06/04 font definitions for OT1/ptm.
)
(/usr/local/texlive/2015/texmf-dist/tex/latex/apa/english.apa
File: english.apa 2006/01/01
)
\c@maskedRefs=\count95

(/usr/local/texlive/2015/texmf-dist/tex/latex/apacite/english.apc
File: english.apc 2013/07/21 v6.03 apacite language file
LaTeX Info: Redefining \BPBI on input line 129.
LaTeX Info: Redefining \BHBI on input line 130.
)

Class apa Warning: Abstract not defined.

LaTeX Font Info:    Try loading font information for OT1+pcr on input line 61.
(/usr/local/texlive/2015/texmf-dist/tex/latex/psnfss/ot1pcr.fd
File: ot1pcr.fd 2001/06/04 font definitions for OT1/pcr.
)
LaTeX Font Info:    External font `cmex10' loaded for size
(Font)              <10.95> on input line 61.
LaTeX Font Info:    External font `cmex10' loaded for size
(Font)              <8> on input line 61.
LaTeX Font Info:    External font `cmex10' loaded for size
(Font)              <6> on input line 61.
 [1

]
LaTeX Font Info:    Font shape `OT1/ptm/bx/n' in size <10.95> not available
(Font)              Font shape `OT1/ptm/b/n' tried instead on input line 61.

(./introduction.tex [2] [3] [4] [5] [6]) (./background.tex [7] [8])
(./approach.tex [9]) (./ed.tex [10] [11] [12] [13] [14] [15]) (./implicit.tex
[16] [17] [18]) (./lexical.tex [19] [20] [21] [22] [23] [24]) (./prototype.tex
[25] [26] [27] [28]) (./modeling.tex [29]) (./conclusion.tex [30] [31])
(./submit.bbl [32] [33

] [34] [35] [36] [37] [38])
AED endfloat: Processing end Figures and Tables [39] (./submit.ttt)
(./submit.lof [40



])
\tf@lof=\write6
\openout6 = `submit.lof'.

 [41] (./submit.fff
File: figures/xt_arch_2.ps Graphic file (type eps)
 <figures/xt_arch_2.ps> [42

]
File: figures/xt_wcst_stim.eps Graphic file (type eps)

<figures/xt_wcst_stim.eps> [43

]
File: graphs/wcst.ps Graphic file (type eps)
 <graphs/wcst.ps>
File: graphs/stroop.ps Graphic file (type eps)
 <graphs/stroop.ps> [44

]
File: graphs/stroop_devel.eps Graphic file (type eps)

<graphs/stroop_devel.eps> [45

]
File: graphs/wcst_devel_persev.eps Graphic file (type eps)
 <graphs/wcst_devel_persev.eps> [46

]
File: figures/srtt_network.eps Graphic file (type eps)

<figures/srtt_network.eps> [47

]
File: graphs/srtt_chart.ps Graphic file (type eps)
 <graphs/srtt_chart.ps> [48

]
File: figures/asd_lexamb_study_results.eps Graphic file (type eps)

<figures/asd_lexamb_study_results.eps> [49

]
File: figures/schiz_lexamb_study_results.eps Graphic file (type eps)

<figures/schiz_lexamb_study_results.eps> [50

]
File: figures/Cohen_ServanSchreiber_Model.eps Graphic file (type eps)

<figures/Cohen_ServanSchreiber_Model.eps> [51

]
File: figures/lexAmb_network_cartoon.eps Graphic file (type eps)

<figures/lexAmb_network_cartoon.eps> [52

]
File: graphs/schiz_lexamb_results.eps Graphic file (type eps)
 <graphs/schiz_lexamb_results.eps>
[53

]
File: graphs/asd_lexamb_results.eps Graphic file (type eps)
 <graphs/asd_lexamb_results.eps> [54

]
File: figures/prototype_categories.eps Graphic file (type eps)
 <figures/prototype_categories.eps>
[55

]
File: figures/mip_familiarization.eps Graphic file (type eps)
 <figures/mip_familiarization.eps> [56

]
File: figures/alcove.eps Graphic file (type eps)
 <figures/alcove.eps> [57

])
(./submit.aux) ) 
Here is how much of TeX's memory you used:
 2216 strings out of 493055
 33762 string characters out of 6134786
 90416 words of memory out of 5000000
 5681 multiletter control sequences out of 15000+600000
 11446 words of font info for 37 fonts, out of 8000000 for 9000
 1141 hyphenation exceptions out of 8191
 31i,7n,24p,2793b,410s stack positions out of 5000i,500n,10000p,200000b,80000s

Output written on submit.dvi (57 pages, 120560 bytes).
