This is pdfTeX, Version 3.1415926-2.5-1.40.14 (TeX Live 2013/Debian) (format=latex 2014.11.3)  14 OCT 2015 10:08
entering extended mode
 restricted \write18 enabled.
 %&-line parsing enabled.
**submit.tex
(./submit.tex
LaTeX2e <2011/06/27>
Babel <3.9h> and hyphenation patterns for 78 languages loaded.
(/usr/share/texlive/texmf-dist/tex/latex/apa/apa.cls
Document Class: apa 2008/12/09 American Psychological Association format v1.3.4


Class apa Warning: Using BibTeX with apacite for citations and references.

(/usr/share/texlive/texmf-dist/tex/latex/base/article.cls
Document Class: article 2007/10/19 v1.4h Standard LaTeX document class
(/usr/share/texlive/texmf-dist/tex/latex/base/size11.clo
File: size11.clo 2007/10/19 v1.4h Standard LaTeX file (size option)
)
\c@part=\count79
\c@section=\count80
\c@subsection=\count81
\c@subsubsection=\count82
\c@paragraph=\count83
\c@subparagraph=\count84
\c@figure=\count85
\c@table=\count86
\abovecaptionskip=\skip41
\belowcaptionskip=\skip42
\bibindent=\dimen102
)
(/usr/share/texlive/texmf-dist/tex/latex/apacite/apacite.sty
Package: apacite 2013/07/21 v6.03 APA citation
\c@BibCnt=\count87
\bibleftmargin=\skip43
\bibindent=\skip44
\bibparsep=\skip45
\bibitemsep=\skip46
\biblabelsep=\skip47
)
\b@level@one@skip=\skip48
\e@level@one@skip=\skip49
\b@level@two@skip=\skip50
\e@level@two@skip=\skip51
\b@level@three@skip=\skip52
\e@level@three@skip=\skip53
\b@level@four@skip=\skip54
\e@level@four@skip=\skip55
\b@level@five@skip=\skip56
\e@level@five@skip=\skip57
\c@APAenum=\count88
\@text@par@indent=\skip58
\gr@box=\box26
\gr@boxwidth=\skip59
\gr@boxheight=\skip60

(/usr/share/texlive/texmf-dist/tex/latex/tools/bm.sty
Package: bm 2004/02/26 v1.1c Bold Symbol Support (DPC/FMi)
\symboldoperators=\mathgroup4
\symboldletters=\mathgroup5
\symboldsymbols=\mathgroup6
LaTeX Font Info:    Redeclaring math alphabet \mathbf on input line 138.
LaTeX Info: Redefining \bm on input line 204.
)
\c@appendix=\count89

(/usr/share/texlive/texmf-dist/tex/latex/endnotes/endnotes.sty
\c@endnote=\count90
\endnotesep=\dimen103
\@enotes=\write3
)
(/usr/share/texlive/texmf-dist/tex/latex/endfloat/endfloat.sty
Package: endfloat 2011/12/25 v2.5d LaTeX2e package puts figures and tables at e
nd (jdm)

(/usr/share/texlive/texmf-dist/tex/latex/graphics/keyval.sty
Package: keyval 1999/03/16 v1.13 key=value parser (DPC)
\KV@toks@=\toks14
)
\c@posttable=\count91
\efloat@postttt=\write4
\@ef@tttopen=\count92
\c@postfigure=\count93
\efloat@postfff=\write5
\@ef@fffopen=\count94
)
\openout5 = `submit.fff'.

 (submit.fff)
\openout4 = `submit.ttt'.


(submit.ttt)) (/usr/share/texlive/texmf-dist/tex/latex/psnfss/times.sty
Package: times 2005/04/12 PSNFSS-v9.2a (SPQR) 
)
(/usr/share/texlive/texmf-dist/tex/latex/graphics/graphics.sty
Package: graphics 2009/02/05 v1.0o Standard LaTeX Graphics (DPC,SPQR)

(/usr/share/texlive/texmf-dist/tex/latex/graphics/trig.sty
Package: trig 1999/03/16 v1.09 sin cos tan (DPC)
)
(/usr/share/texlive/texmf-dist/tex/latex/latexconfig/graphics.cfg
File: graphics.cfg 2010/04/23 v1.9 graphics configuration of TeX Live
)
Package graphics Info: Driver file: dvips.def on input line 91.

(/usr/share/texlive/texmf-dist/tex/latex/graphics/dvips.def
File: dvips.def 1999/02/16 v3.0i Driver-dependant file (DPC,SPQR)
))
(/usr/share/texlive/texmf-dist/tex/latex/graphics/graphicx.sty
Package: graphicx 1999/02/16 v1.0f Enhanced LaTeX Graphics (DPC,SPQR)
\Gin@req@height=\dimen104
\Gin@req@width=\dimen105
)
(/usr/share/texlive/texmf-dist/tex/latex/graphics/color.sty
Package: color 2005/11/14 v1.0j Standard LaTeX Color (DPC)

(/usr/share/texlive/texmf-dist/tex/latex/latexconfig/color.cfg
File: color.cfg 2007/01/18 v1.5 color configuration of teTeX/TeXLive
)
Package color Info: Driver file: dvips.def on input line 130.

(/usr/share/texlive/texmf-dist/tex/latex/graphics/dvipsnam.def
File: dvipsnam.def 1999/02/16 v3.0i Driver-dependant file (DPC,SPQR)
))
(/usr/share/texlive/texmf-dist/tex/latex/fix2col/fix2col.sty
Package: fix2col 1998/08/17 v0.03 Output Routine fixes for two column mode (DPC
,FMi)
) (./submit.aux)
\openout1 = `submit.aux'.

LaTeX Font Info:    Checking defaults for OML/cmm/m/it on input line 57.
LaTeX Font Info:    ... okay on input line 57.
LaTeX Font Info:    Checking defaults for T1/cmr/m/n on input line 57.
LaTeX Font Info:    ... okay on input line 57.
LaTeX Font Info:    Checking defaults for OT1/cmr/m/n on input line 57.
LaTeX Font Info:    ... okay on input line 57.
LaTeX Font Info:    Checking defaults for OMS/cmsy/m/n on input line 57.
LaTeX Font Info:    ... okay on input line 57.
LaTeX Font Info:    Checking defaults for OMX/cmex/m/n on input line 57.
LaTeX Font Info:    ... okay on input line 57.
LaTeX Font Info:    Checking defaults for U/cmr/m/n on input line 57.
LaTeX Font Info:    ... okay on input line 57.
LaTeX Font Info:    Try loading font information for OT1+ptm on input line 57.

(/usr/share/texlive/texmf-dist/tex/latex/psnfss/ot1ptm.fd
File: ot1ptm.fd 2001/06/04 font definitions for OT1/ptm.
)
(/usr/share/texlive/texmf-dist/tex/latex/apa/english.apa
File: english.apa 2006/01/01
)
\c@maskedRefs=\count95

(/usr/share/texlive/texmf-dist/tex/latex/apacite/english.apc
File: english.apc 2013/07/21 v6.03 apacite language file
LaTeX Info: Redefining \BPBI on input line 129.
LaTeX Info: Redefining \BHBI on input line 130.
)
LaTeX Font Info:    Try loading font information for OT1+pcr on input line 58.

(/usr/share/texlive/texmf-dist/tex/latex/psnfss/ot1pcr.fd
File: ot1pcr.fd 2001/06/04 font definitions for OT1/pcr.
)
LaTeX Font Info:    External font `cmex10' loaded for size
(Font)              <10.95> on input line 58.
LaTeX Font Info:    External font `cmex10' loaded for size
(Font)              <8> on input line 58.
LaTeX Font Info:    External font `cmex10' loaded for size
(Font)              <6> on input line 58.
 [1

]
LaTeX Font Info:    Font shape `OT1/ptm/bx/n' in size <10.95> not available
(Font)              Font shape `OT1/ptm/b/n' tried instead on input line 58.
 [2] [3] [4]
[5]
Missing character: There is no ‚ in font ptmr7t!
Missing character: There is no Ä in font ptmr7t!
Missing character: There is no ú in font ptmr7t!
Missing character: There is no ‚ in font ptmr7t!
Missing character: There is no Ä in font ptmr7t!
Missing character: There is no ù in font ptmr7t!
 [6] [7] [8] [9] [10] [11]

LaTeX Warning: Reference `OS-Task' on page 12 undefined on input line 153.

[12] [13] [14]
Missing character: There is no ‚ in font ptmr7t!
Missing character: There is no Ä in font ptmr7t!
Missing character: There is no ú in font ptmr7t!
Missing character: There is no ‚ in font ptmr7t!
Missing character: There is no Ä in font ptmr7t!
Missing character: There is no ù in font ptmr7t!
Missing character: There is no ‚ in font ptmr7t!
Missing character: There is no Ä in font ptmr7t!
Missing character: There is no ú in font ptmr7t!
Missing character: There is no ‚ in font ptmr7t!
Missing character: There is no Ä in font ptmr7t!
Missing character: There is no ù in font ptmr7t!
 [15] [16] [17] [18] [19] [20] [21] [22] [23] [24] [25] [26]
[27] [28] [29] [30] [31] [32] [33]

LaTeX Warning: Reference `OS-Task' on page 34 undefined on input line 686.

[34] [35] [36] [37] [38] [39] [40] [41] [42] [43] [44]
\openout3 = `submit.ent'.

 [45] [46] [47] [48]
[49] [50] [51] [52] [53] [54] [55] [56] [57] [58] [59] [60] [61] [62] [63]
[64] [65] [66] [67] (./submit.bbl [68] [69

] [70] [71] [72] [73] [74] [75]
[76] [77]) [78] [79] (./submit.ent)
AED endfloat: Processing end Figures and Tables [80] (./submit.ttt)
(./submit.lof [81



]

LaTeX Warning: Reference `OS-Task' on page 95 undefined on input line 10.

[82] [83] [84])
\tf@lof=\write6
\openout6 = `submit.lof'.

 [85] (./submit.fff
File: figures/schultz.eps Graphic file (type eps)
 <figures/schultz.eps> [86

]
File: figures/xt_arch_2.ps Graphic file (type eps)

<figures/xt_arch_2.ps> [87

]
File: figures/xt_wcst_stim.eps Graphic file (type eps)
 <figures/xt_wcst_stim.eps> [88

]
File: graphs/wcst.ps Graphic file (type eps)
 <graphs/wcst.ps>
File: graphs/stroop.ps Graphic file (type eps)

<graphs/stroop.ps> [89

]
File: graphs/PFCwts1.05.eps Graphic file (type eps)
 <graphs/PFCwts1.05.eps>
File: graphs/PFCwts54.05.eps Graphic file (type eps)
 <graphs/PFCwts54.05.eps>
[90

]
File: graphs/PFCwts1.100.eps Graphic file (type eps)
 <graphs/PFCwts1.100.eps>
File: graphs/PFCwts54.100.eps Graphic file (type eps)
 <graphs/PFCwts54.100.eps> [91

]
File: graphs/stroop_devel.eps Graphic file (type eps)

<graphs/stroop_devel.eps> [92

]
File: graphs/wcst_devel_persev.eps Graphic file (type eps)
 <graphs/wcst_devel_persev.eps> [93

]
File: figures/overselectivity_network.ps Graphic file (type eps)

<figures/overselectivity_network.ps> [94

]
File: graphs/overselectivity_results_new.eps Graphic file (type eps)

<graphs/overselectivity_results_new.eps> [95

]
File: figures/so_model_no_persev_new_2.eps Graphic file (type eps)

<figures/so_model_no_persev_new_2.eps>
File: figures/so_model_d1_persev_new_2.eps Graphic file (type eps)
 <figures/so_model_d1_persev_new_2.eps>
[96

]
File: figures/srn.eps Graphic file (type eps)
 <figures/srn.eps> [97

]
File: figures/srtt_network.eps Graphic file (type eps)
 <figures/srtt_network.eps> [98

]
File: graphs/srtt_chart.ps Graphic file (type eps)

<graphs/srtt_chart.ps> [99

]
File: figures/prototype_categories.eps Graphic file (type eps)
 <figures/prototype_categories.eps> [100

]
File: figures/mip_familiarization.eps Graphic file (type eps)

<figures/mip_familiarization.eps> [101

]
File: figures/klinger_results.eps Graphic file (type eps)
 <figures/klinger_results.eps> [102

]
File: figures/alcove.eps Graphic file (type eps)

<figures/alcove.eps> [103

]
File: graphs/alcove_results.eps Graphic file (type eps)
 <graphs/alcove_results.eps> [104

]
File: figures/asd_lexamb_study_results.eps Graphic file (type eps)

<figures/asd_lexamb_study_results.eps> [105

]
File: figures/schiz_lexamb_study_results.eps Graphic file (type eps)

<figures/schiz_lexamb_study_results.eps> [106

]
File: figures/Cohen_ServanSchreiber_Model.eps Graphic file (type eps)

<figures/Cohen_ServanSchreiber_Model.eps> [107

]
File: figures/lexAmb_network_cartoon.eps Graphic file (type eps)

<figures/lexAmb_network_cartoon.eps> [108

]
File: figures/gain_manipulation.eps Graphic file (type eps)
 <figures/gain_manipulation.eps>
[109

]
File: graphs/schiz_lexamb_results.eps Graphic file (type eps)
 <graphs/schiz_lexamb_results.eps> [110

]
File: graphs/asd_lexamb_results.eps Graphic file (type eps)
 <graphs/asd_lexamb_results.eps>
[111

]) (./submit.aux)

LaTeX Warning: There were undefined references.

 ) 
Here is how much of TeX's memory you used:
 2331 strings out of 493305
 34825 string characters out of 6139897
 94106 words of memory out of 5000000
 5743 multiletter control sequences out of 15000+600000
 11953 words of font info for 38 fonts, out of 8000000 for 9000
 957 hyphenation exceptions out of 8191
 31i,7n,24p,3427b,412s stack positions out of 5000i,500n,10000p,200000b,80000s

Output written on submit.dvi (111 pages, 246148 bytes).
